<?xml version="1.0" encoding="UTF-8"?>
<!-- Generated by org.testng.reporters.JUnitReportReporter -->
<testsuite hostname="suresh06" failures="0" tests="1" name="testCases.TC001_AccountRegistrationTest" time="1.751" errors="0" timestamp="2024-09-28T16:40:04 IST" skipped="0">
  <testcase classname="testCases.TC001_AccountRegistrationTest" name="verify_account_registration" time="1.751"/>
</testsuite> <!-- testCases.TC001_AccountRegistrationTest -->
