<?xml version="1.0" encoding="UTF-8"?>
<!-- Generated by org.testng.reporters.JUnitReportReporter -->
<testsuite hostname="suresh06" failures="0" tests="1" name="testCases.TC002_LoginTest" time="1.548" errors="0" timestamp="2024-10-03T11:45:50 IST" skipped="0">
  <testcase classname="testCases.TC002_LoginTest" name="verify_login" time="1.548"/>
</testsuite> <!-- testCases.TC002_LoginTest -->
