<?xml version="1.0" encoding="UTF-8"?>
<!-- Generated by org.testng.reporters.JUnitReportReporter -->
<testsuite hostname="suresh06" failures="0" tests="1" name="testCases.TC001_AccountRegistrationTest" time="2.015" errors="0" timestamp="2024-10-03T11:45:50 IST" skipped="0">
  <testcase classname="testCases.TC001_AccountRegistrationTest" name="verify_account_registration" time="2.015"/>
</testsuite> <!-- testCases.TC001_AccountRegistrationTest -->
